[2023-08-07 16:06:36,601]  [readYaml.py : 16] [INFO] - 读到数据 ==>>  {'DID330': [{'Describe': '一台330屏的连接信息', 'broker_address': 'test.hzjishiyu.com', 'broker_port': 1883, 'client_id': 'DID330&300133121210002', 'username': 'DID330&300133121210002', 'password': 'DID330&300133121210002&3c9951a811d745fbbda6f2a0843ccf19'}]} 
[2023-08-07 16:14:16,158]  [readYaml.py : 16] [INFO] - 读到数据 ==>>  {'DID330': [{'Describe': '一台330屏的连接信息', 'broker_address': 'test.hzjishiyu.com', 'broker_port': 1883, 'client_id': 'DID330&300133121210002', 'username': 'DID330&300133121210002', 'password': 'DID330&300133121210002&3c9951a811d745fbbda6f2a0843ccf19'}]} 
[2023-08-07 16:14:43,691]  [readYaml.py : 16] [INFO] - 读到数据 ==>>  {'DID330': [{'Describe': '一台330屏的连接信息', 'broker_address': 'test.hzjishiyu.com', 'broker_port': 1883, 'client_id': 'DID330&300133121210002', 'username': 'DID330&300133121210002', 'password': 'DID330&300133121210002&3c9951a811d745fbbda6f2a0843ccf19'}]} 
[2023-08-07 16:16:42,607]  [readYaml.py : 16] [INFO] - 读到数据 ==>>  {'DID330': [{'Describe': '一台330屏的连接信息', 'broker_address': 'test.hzjishiyu.com', 'broker_port': 1883, 'client_id': 'DID330&300133121210002', 'username': 'DID330&300133121210002', 'password': 'DID330&300133121210002&3c9951a811d745fbbda6f2a0843ccf19'}]} 
[2023-08-07 16:25:21,382]  [readYaml.py : 16] [INFO] - 读到数据 ==>>  {'DID330': [{'Describe': '一台330屏的连接信息', 'broker_address': 'test.hzjishiyu.com', 'broker_port': 1883, 'client_id': 'DID330&300133121210002', 'username': 'DID330&300133121210002', 'password': 'DID330&300133121210002&3c9951a811d745fbbda6f2a0843ccf19'}], 'topic': {'get_property': {'sub': '/device/DID340/300134121210008/thing/service/property/get_reply/', 'pub': '/server/DID340/300134121210008/thing/service/property/get/'}}} 
[2023-08-07 16:35:02,386]  [readYaml.py : 16] [INFO] - 读到数据 ==>>  {'DID330': [{'Describe': '一台330屏的连接信息', 'broker_address': 'test.hzjishiyu.com', 'broker_port': 1883, 'client_id': 'DID330&300133121210002', 'username': 'DID330&300133121210002', 'password': 'DID330&300133121210002&3c9951a811d745fbbda6f2a0843ccf19'}], 'topic': {'get_property': {'sub': '/device/DID340/300134121210008/thing/service/property/get_reply/', 'pub': '/server/DID340/300134121210008/thing/service/property/get/'}}} 
[2023-08-07 16:36:07,378]  [readYaml.py : 16] [INFO] - 读到数据 ==>>  {'DID330': [{'Describe': '一台330屏的连接信息', 'broker_address': 'test.hzjishiyu.com', 'broker_port': 1883, 'client_id': 'DID330&300133121210002', 'username': 'DID330&300133121210002', 'password': 'DID330&300133121210002&3c9951a811d745fbbda6f2a0843ccf19'}], 'topic': {'get_property': {'sub': '/device/DID340/300134121210008/thing/service/property/get_reply/', 'pub': '/server/DID340/300134121210008/thing/service/property/get/'}}} 
[2023-08-07 16:36:44,268]  [readYaml.py : 16] [INFO] - 读到数据 ==>>  {'DID330': [{'Describe': '一台330屏的连接信息', 'broker_address': 'test.hzjishiyu.com', 'broker_port': 1883, 'client_id': 'DID330&300133121210002', 'username': 'DID330&300133121210002', 'password': 'DID330&300133121210002&3c9951a811d745fbbda6f2a0843ccf19'}], 'topic': {'get_property': {'sub': '/device/DID340/300134121210008/thing/service/property/get_reply/', 'pub': '/server/DID340/300134121210008/thing/service/property/get/'}}} 
[2023-08-07 16:40:52,935]  [readYaml.py : 16] [INFO] - 读到数据 ==>>  {'DID330': [{'Describe': '一台330屏的连接信息', 'broker_address': 'test.hzjishiyu.com', 'broker_port': 1883, 'client_id': 'DID330&300133121210002', 'username': 'DID330&300133121210002', 'password': 'DID330&300133121210002&3c9951a811d745fbbda6f2a0843ccf19'}], 'topic': {'get_property': {'sub': '/device/DID340/300134121210008/thing/service/property/get_reply/', 'pub': '/server/DID340/300134121210008/thing/service/property/get/'}}} 
[2023-08-07 16:41:50,666]  [readYaml.py : 16] [INFO] - 读到数据 ==>>  {'DID330': [{'Describe': '一台330屏的连接信息', 'broker_address': 'test.hzjishiyu.com', 'broker_port': 1883, 'client_id': 'DID330&300133121210002', 'username': 'DID330&300133121210002', 'password': 'DID330&300133121210002&3c9951a811d745fbbda6f2a0843ccf19'}], 'topic': {'get_property': {'sub': '/device/DID340/300134121210008/thing/service/property/get_reply/', 'pub': '/server/DID340/300134121210008/thing/service/property/get/'}}} 
[2023-08-07 16:49:10,270]  [readYaml.py : 16] [INFO] - 读到数据 ==>>  {'DID330': [{'Describe': '一台330屏的连接信息', 'broker_address': 'test.hzjishiyu.com', 'broker_port': 1883, 'client_id': 'DID330&300133121210002', 'username': 'DID330&300133121210002', 'password': 'DID330&300133121210002&3c9951a811d745fbbda6f2a0843ccf19'}], 'topic': {'get_property': {'sub': '/device/DID340/300134121210008/thing/service/property/get_reply/1001', 'pub': '/server/DID340/300134121210008/thing/service/property/get/1001'}}} 
[2023-08-07 16:52:24,557]  [readYaml.py : 16] [INFO] - 读到数据 ==>>  {'DID330': [{'Describe': '一台330屏的连接信息', 'broker_address': 'test.hzjishiyu.com', 'broker_port': 1883, 'client_id': 'DID330&300133121210002', 'username': 'DID330&300133121210002', 'password': 'DID330&300133121210002&3c9951a811d745fbbda6f2a0843ccf19'}], 'topic': {'get_property': {'sub': '/device/DID340/300134121210008/thing/service/property/get_reply/1001', 'pub': '/server/DID340/300134121210008/thing/service/property/get/1001'}}} 
[2023-08-07 16:53:01,851]  [readYaml.py : 16] [INFO] - 读到数据 ==>>  {'DID330': [{'Describe': '一台330屏的连接信息', 'broker_address': 'test.hzjishiyu.com', 'broker_port': 1883, 'client_id': 'DID330&300133121210002', 'username': 'DID330&300133121210002', 'password': 'DID330&300133121210002&3c9951a811d745fbbda6f2a0843ccf19'}], 'topic': {'get_property': {'sub': '/device/DID340/300134121210008/thing/service/property/get_reply/1001', 'pub': '/server/DID340/300134121210008/thing/service/property/get/1001'}}} 
[2023-08-07 16:53:48,561]  [readYaml.py : 16] [INFO] - 读到数据 ==>>  {'DID330': [{'Describe': '一台330屏的连接信息', 'broker_address': 'test.hzjishiyu.com', 'broker_port': 1883, 'client_id': 'DID330&300133121210002', 'username': 'DID330&300133121210002', 'password': 'DID330&300133121210002&3c9951a811d745fbbda6f2a0843ccf19'}], 'topic': {'get_property': {'sub': '/device/DID340/300134121210008/thing/service/property/get_reply/1001', 'pub': '/server/DID340/300134121210008/thing/service/property/get/1001'}}} 
[2023-08-07 17:11:05,763]  [readYaml.py : 16] [INFO] - 读到数据 ==>>  {'DID330': [{'Describe': '一台330屏的连接信息', 'broker_address': 'test.hzjishiyu.com', 'broker_port': 1883, 'client_id': 'DID330&300133121210002', 'username': 'DID330&300133121210002', 'password': 'DID330&300133121210002&3c9951a811d745fbbda6f2a0843ccf19'}], 'topic': {'get_property': {'sub': '/device/DID340/300134121210008/thing/service/property/get_reply/1001', 'pub': '/server/DID340/300134121210008/thing/service/property/get/1001'}}} 
[2023-08-07 17:11:29,466]  [readYaml.py : 16] [INFO] - 读到数据 ==>>  {'DID330': [{'Describe': '一台330屏的连接信息', 'broker_address': 'test.hzjishiyu.com', 'broker_port': 1883, 'client_id': 'DID330&300133121210002', 'username': 'DID330&300133121210002', 'password': 'DID330&300133121210002&3c9951a811d745fbbda6f2a0843ccf19'}], 'topic': {'get_property': {'sub': '/device/DID340/300134121210008/thing/service/property/get_reply/1001', 'pub': '/server/DID340/300134121210008/thing/service/property/get/1001'}}} 
[2023-08-07 17:13:49,445]  [readYaml.py : 16] [INFO] - 读到数据 ==>>  {'DID330': [{'Describe': '一台330屏的连接信息', 'broker_address': 'test.hzjishiyu.com', 'broker_port': 1883, 'client_id': 'DID330&300133121210002', 'username': 'DID330&300133121210002', 'password': 'DID330&300133121210002&3c9951a811d745fbbda6f2a0843ccf19'}], 'topic': {'get_property': {'sub': '/device/DID340/300134121210008/thing/service/property/get_reply/1001', 'pub': '/server/DID340/300134121210008/thing/service/property/get/1001'}}} 
[2023-08-07 17:14:59,413]  [readYaml.py : 16] [INFO] - 读到数据 ==>>  {'DID330': [{'Describe': '一台330屏的连接信息', 'broker_address': 'test.hzjishiyu.com', 'broker_port': 1883, 'client_id': 'DID330&300133121210002', 'username': 'DID330&300133121210002', 'password': 'DID330&300133121210002&3c9951a811d745fbbda6f2a0843ccf19'}], 'topic': {'get_property': {'sub': '/device/DID340/300134121210008/thing/service/property/get_reply/1001', 'pub': '/server/DID340/300134121210008/thing/service/property/get/1001'}}} 
[2023-08-07 17:15:47,563]  [readYaml.py : 16] [INFO] - 读到数据 ==>>  {'DID330': [{'Describe': '一台330屏的连接信息', 'broker_address': 'test.hzjishiyu.com', 'broker_port': 1883, 'client_id': 'DID330&300133121210002', 'username': 'DID330&300133121210002', 'password': 'DID330&300133121210002&3c9951a811d745fbbda6f2a0843ccf19'}], 'topic': {'get_property': {'sub': '/device/DID340/300134121210008/thing/service/property/get_reply/1001', 'pub': '/server/DID340/300134121210008/thing/service/property/get/1001'}}} 
[2023-08-07 17:16:06,407]  [readYaml.py : 16] [INFO] - 读到数据 ==>>  {'DID330': [{'Describe': '一台330屏的连接信息', 'broker_address': 'test.hzjishiyu.com', 'broker_port': 1883, 'client_id': 'DID330&300133121210002', 'username': 'DID330&300133121210002', 'password': 'DID330&300133121210002&3c9951a811d745fbbda6f2a0843ccf19'}], 'topic': {'get_property': {'sub': '/device/DID340/300134121210008/thing/service/property/get_reply/1001', 'pub': '/server/DID340/300134121210008/thing/service/property/get/1001'}}} 
[2023-08-07 17:16:45,723]  [readYaml.py : 16] [INFO] - 读到数据 ==>>  {'DID330': [{'Describe': '一台330屏的连接信息', 'broker_address': 'test.hzjishiyu.com', 'broker_port': 1883, 'client_id': 'DID330&300133121210002', 'username': 'DID330&300133121210002', 'password': 'DID330&300133121210002&3c9951a811d745fbbda6f2a0843ccf19'}], 'topic': {'get_property': {'sub': '/device/DID340/300134121210008/thing/service/property/get_reply/1001', 'pub': '/server/DID340/300134121210008/thing/service/property/get/1001'}}} 
[2023-08-07 17:17:05,352]  [readYaml.py : 16] [INFO] - 读到数据 ==>>  {'DID330': [{'Describe': '一台330屏的连接信息', 'broker_address': 'test.hzjishiyu.com', 'broker_port': 1883, 'client_id': 'DID330&300133121210002', 'username': 'DID330&300133121210002', 'password': 'DID330&300133121210002&3c9951a811d745fbbda6f2a0843ccf19'}], 'topic': {'get_property': {'sub': '/device/DID340/300134121210008/thing/service/property/get_reply/1001', 'pub': '/server/DID340/300134121210008/thing/service/property/get/1001'}}} 
[2023-08-07 17:20:56,662]  [readYaml.py : 16] [INFO] - 读到数据 ==>>  {'DID330': [{'Describe': '一台330屏的连接信息', 'broker_address': 'test.hzjishiyu.com', 'broker_port': 1883, 'client_id': 'DID330&300133121210002', 'username': 'DID330&300133121210002', 'password': 'DID330&300133121210002&3c9951a811d745fbbda6f2a0843ccf19'}], 'topic': {'get_property': {'sub': '/device/DID340/300134121210008/thing/service/property/get_reply/1001', 'pub': '/server/DID340/300134121210008/thing/service/property/get/1001'}}} 
[2023-08-07 17:21:18,739]  [readYaml.py : 16] [INFO] - 读到数据 ==>>  {'DID330': [{'Describe': '一台330屏的连接信息', 'broker_address': 'test.hzjishiyu.com', 'broker_port': 1883, 'client_id': 'DID330&300133121210002', 'username': 'DID330&300133121210002', 'password': 'DID330&300133121210002&3c9951a811d745fbbda6f2a0843ccf19'}], 'topic': {'get_property': {'sub': '/device/DID340/300134121210008/thing/service/property/get_reply/1001', 'pub': '/server/DID340/300134121210008/thing/service/property/get/1001'}}} 
[2023-08-07 17:24:25,762]  [readYaml.py : 16] [INFO] - 读到数据 ==>>  {'DID330': [{'Describe': '一台330屏的连接信息', 'broker_address': 'test.hzjishiyu.com', 'broker_port': 1883, 'client_id': 'DID330&300133121210002', 'username': 'DID330&300133121210002', 'password': 'DID330&300133121210002&3c9951a811d745fbbda6f2a0843ccf19'}], 'topic': {'get_property': {'sub': '/device/DID340/300134121210008/thing/service/property/get_reply/1001', 'pub': '/server/DID340/300134121210008/thing/service/property/get/1001'}}} 
[2023-08-07 17:24:43,852]  [readYaml.py : 16] [INFO] - 读到数据 ==>>  {'DID330': [{'Describe': '一台330屏的连接信息', 'broker_address': 'test.hzjishiyu.com', 'broker_port': 1883, 'client_id': 'DID330&300133121210002', 'username': 'DID330&300133121210002', 'password': 'DID330&300133121210002&3c9951a811d745fbbda6f2a0843ccf19'}], 'topic': {'get_property': {'sub': '/device/DID340/300134121210008/thing/service/property/get_reply/1001', 'pub': '/server/DID340/300134121210008/thing/service/property/get/1001'}}} 
[2023-08-07 17:29:50,006]  [readYaml.py : 16] [INFO] - 读到数据 ==>>  {'DID330': [{'Describe': '一台330屏的连接信息', 'broker_address': 'test.hzjishiyu.com', 'broker_port': 1883, 'client_id': 'DID330&300133121210002', 'username': 'DID330&300133121210002', 'password': 'DID330&300133121210002&3c9951a811d745fbbda6f2a0843ccf19'}], 'topic': {'get_property': {'sub': '/device/DID340/300134121210008/thing/service/property/get_reply/1001', 'pub': '/server/DID340/300134121210008/thing/service/property/get/1001'}}} 
[2023-08-07 17:30:09,243]  [readYaml.py : 16] [INFO] - 读到数据 ==>>  {'DID330': [{'Describe': '一台330屏的连接信息', 'broker_address': 'test.hzjishiyu.com', 'broker_port': 1883, 'client_id': 'DID330&300133121210002', 'username': 'DID330&300133121210002', 'password': 'DID330&300133121210002&3c9951a811d745fbbda6f2a0843ccf19'}], 'topic': {'get_property': {'sub': '/device/DID340/300134121210008/thing/service/property/get_reply/1001', 'pub': '/server/DID340/300134121210008/thing/service/property/get/1001'}}} 
[2023-08-07 17:36:54,492]  [readYaml.py : 16] [INFO] - 读到数据 ==>>  {'DID330': [{'Describe': '一台330屏的连接信息', 'broker_address': 'test.hzjishiyu.com', 'broker_port': 1883, 'client_id': 'DID330&300133121210002', 'username': 'DID330&300133121210002', 'password': 'DID330&300133121210002&3c9951a811d745fbbda6f2a0843ccf19'}], 'topic': {'get_property': {'sub': '/device/DID340/300134121210008/thing/service/property/get_reply/1001', 'pub': '/server/DID340/300134121210008/thing/service/property/get/1001'}}} 
[2023-08-07 17:37:20,068]  [readYaml.py : 16] [INFO] - 读到数据 ==>>  {'DID330': [{'Describe': '一台330屏的连接信息', 'broker_address': 'test.hzjishiyu.com', 'broker_port': 1883, 'client_id': 'DID330&300133121210002', 'username': 'DID330&300133121210002', 'password': 'DID330&300133121210002&3c9951a811d745fbbda6f2a0843ccf19'}], 'topic': {'get_property': {'sub': '/device/DID340/300134121210008/thing/service/property/get_reply/1001', 'pub': '/server/DID340/300134121210008/thing/service/property/get/1001'}}} 
[2023-08-07 18:00:08,523]  [readYaml.py : 16] [INFO] - 读到数据 ==>>  {'DID330': [{'Describe': '一台330屏的连接信息', 'broker_address': 'test.hzjishiyu.com', 'broker_port': 1883, 'client_id': 'DID330&300133121210002', 'username': 'DID330&300133121210002', 'password': 'DID330&300133121210002&3c9951a811d745fbbda6f2a0843ccf19'}], 'topic': {'get_property': {'sub': '/device/DID340/300134121210008/thing/service/property/get_reply/1001002', 'pub': '/server/DID340/300134121210008/thing/service/property/get/1001002'}}} 
[2023-08-07 18:01:43,713]  [readYaml.py : 16] [INFO] - 读到数据 ==>>  {'DID330': [{'Describe': '一台330屏的连接信息', 'broker_address': 'test.hzjishiyu.com', 'broker_port': 1883, 'client_id': 'DID330&300133121210002', 'username': 'DID330&300133121210002', 'password': 'DID330&300133121210002&3c9951a811d745fbbda6f2a0843ccf19'}], 'topic': {'get_property': {'sub': '/device/DID340/300134121210008/thing/service/property/get_reply/1001002', 'pub': '/server/DID340/300134121210008/thing/service/property/get/1001002'}}} 
[2023-08-07 18:04:27,981]  [readYaml.py : 16] [INFO] - 读到数据 ==>>  {'DID330': [{'Describe': '一台330屏的连接信息', 'broker_address': 'test.hzjishiyu.com', 'broker_port': 1883, 'client_id': 'DID330&300133121210002', 'username': 'DID330&300133121210002', 'password': 'DID330&300133121210002&3c9951a811d745fbbda6f2a0843ccf19'}], 'topic': {'get_property': {'sub': '/device/DID340/300134121210008/thing/service/property/get_reply/1001002', 'pub': '/server/DID340/300134121210008/thing/service/property/get/1001002'}}} 
[2023-08-07 18:05:28,238]  [readYaml.py : 16] [INFO] - 读到数据 ==>>  {'DID330': [{'Describe': '一台330屏的连接信息', 'broker_address': 'test.hzjishiyu.com', 'broker_port': 1883, 'client_id': 'DID330&300133121210002', 'username': 'DID330&300133121210002', 'password': 'DID330&300133121210002&3c9951a811d745fbbda6f2a0843ccf19'}], 'topic': {'get_property': {'sub': '/device/DID340/300134121210008/thing/service/property/get_reply/1001002', 'pub': '/server/DID340/300134121210008/thing/service/property/get/1001002'}}} 
[2023-08-07 18:11:25,913]  [readYaml.py : 16] [INFO] - 读到数据 ==>>  {'DID330': [{'Describe': '一台330屏的连接信息', 'broker_address': 'test.hzjishiyu.com', 'broker_port': 1883, 'client_id': 'DID330&300133121210002', 'username': 'DID330&300133121210002', 'password': 'DID330&300133121210002&3c9951a811d745fbbda6f2a0843ccf19'}], 'topic': {'get_property': {'sub': '/device/DID340/300134121210008/thing/service/property/get_reply/1001002', 'pub': '/server/DID340/300134121210008/thing/service/property/get/1001002'}}} 
[2023-08-07 18:11:36,887]  [readYaml.py : 16] [INFO] - 读到数据 ==>>  {'DID330': [{'Describe': '一台330屏的连接信息', 'broker_address': 'test.hzjishiyu.com', 'broker_port': 1883, 'client_id': 'DID330&300133121210002', 'username': 'DID330&300133121210002', 'password': 'DID330&300133121210002&3c9951a811d745fbbda6f2a0843ccf19'}], 'topic': {'get_property': {'sub': '/device/DID340/300134121210008/thing/service/property/get_reply/1001002', 'pub': '/server/DID340/300134121210008/thing/service/property/get/1001002'}}} 
[2023-08-07 18:20:09,941]  [readYaml.py : 16] [INFO] - 读到数据 ==>>  {'DID330': [{'Describe': '一台330屏的连接信息', 'broker_address': 'test.hzjishiyu.com', 'broker_port': 1883, 'client_id': 'DID330&300133121210002', 'username': 'DID330&300133121210002', 'password': 'DID330&300133121210002&3c9951a811d745fbbda6f2a0843ccf19'}], 'topic': {'get_property': {'sub': '/device/DID340/300134121210008/thing/service/property/get_reply/1001002', 'pub': '/server/DID340/300134121210008/thing/service/property/get/1001002'}}} 
[2023-08-07 18:20:30,109]  [readYaml.py : 16] [INFO] - 读到数据 ==>>  {'DID330': [{'Describe': '一台330屏的连接信息', 'broker_address': 'test.hzjishiyu.com', 'broker_port': 1883, 'client_id': 'DID330&300133121210002', 'username': 'DID330&300133121210002', 'password': 'DID330&300133121210002&3c9951a811d745fbbda6f2a0843ccf19'}], 'topic': {'get_property': {'sub': '/device/DID340/300134121210008/thing/service/property/get_reply/1001002', 'pub': '/server/DID340/300134121210008/thing/service/property/get/1001002'}}} 
[2023-08-07 18:44:13,085]  [readYaml.py : 16] [INFO] - 读到数据 ==>>  {'DID330': [{'Describe': '一台330屏的连接信息', 'broker_address': 'test.hzjishiyu.com', 'broker_port': 1883, 'client_id': 'DID330&300133121210002', 'username': 'DID330&300133121210002', 'password': 'DID330&300133121210002&3c9951a811d745fbbda6f2a0843ccf19'}], 'topic': {'get_property': {'sub': '/device/DID340/300134121210008/thing/service/property/get_reply/1001002', 'pub': '/server/DID340/300134121210008/thing/service/property/get/1001002'}}} 
[2023-08-07 18:45:14,143]  [readYaml.py : 16] [INFO] - 读到数据 ==>>  {'DID330': [{'Describe': '一台330屏的连接信息', 'broker_address': 'test.hzjishiyu.com', 'broker_port': 1883, 'client_id': 'DID330&300133121210002', 'username': 'DID330&300133121210002', 'password': 'DID330&300133121210002&3c9951a811d745fbbda6f2a0843ccf19'}], 'topic': {'get_property': {'sub': '/device/DID340/300134121210008/thing/service/property/get_reply/1001002', 'pub': '/server/DID340/300134121210008/thing/service/property/get/1001002'}}} 
[2023-08-07 18:47:00,202]  [readYaml.py : 16] [INFO] - 读到数据 ==>>  {'DID330': [{'Describe': '一台330屏的连接信息', 'broker_address': 'test.hzjishiyu.com', 'broker_port': 1883, 'client_id': 'DID330&300133121210002', 'username': 'DID330&300133121210002', 'password': 'DID330&300133121210002&3c9951a811d745fbbda6f2a0843ccf19'}], 'topic': {'get_property': {'sub': '/device/DID340/300134121210008/thing/service/property/get_reply/1001002', 'pub': '/server/DID340/300134121210008/thing/service/property/get/1001002'}}} 
[2023-08-07 18:47:29,958]  [readYaml.py : 16] [INFO] - 读到数据 ==>>  {'DID330': [{'Describe': '一台330屏的连接信息', 'broker_address': 'test.hzjishiyu.com', 'broker_port': 1883, 'client_id': 'DID330&300133121210002', 'username': 'DID330&300133121210002', 'password': 'DID330&300133121210002&3c9951a811d745fbbda6f2a0843ccf19'}], 'topic': {'get_property': {'sub': '/device/DID340/300134121210008/thing/service/property/get_reply/1001002', 'pub': '/server/DID340/300134121210008/thing/service/property/get/1001002'}}} 
[2023-08-07 18:55:37,875]  [readYaml.py : 16] [INFO] - 读到数据 ==>>  {'DID330': [{'Describe': '一台330屏的连接信息', 'broker_address': 'test.hzjishiyu.com', 'broker_port': 1883, 'client_id': 'DID330&300133121210002', 'username': 'DID330&300133121210002', 'password': 'DID330&300133121210002&3c9951a811d745fbbda6f2a0843ccf19'}], 'topic': {'get_property': {'sub': '/device/DID340/300134121210008/thing/service/property/get_reply/1001002', 'pub': '/server/DID340/300134121210008/thing/service/property/get/1001002'}}} 
[2023-08-07 19:02:06,254]  [readYaml.py : 16] [INFO] - 读到数据 ==>>  {'DID330': [{'Describe': '一台330屏的连接信息', 'broker_address': 'test.hzjishiyu.com', 'broker_port': 1883, 'client_id': 'DID330&300133121210002', 'username': 'DID330&300133121210002', 'password': 'DID330&300133121210002&3c9951a811d745fbbda6f2a0843ccf19'}], 'topic': {'get_property': {'sub': '/device/DID340/300134121210008/thing/service/property/get_reply/1001002', 'pub': '/server/DID340/300134121210008/thing/service/property/get/1001002'}}} 
[2023-08-07 19:03:31,668]  [readYaml.py : 16] [INFO] - 读到数据 ==>>  {'DID330': [{'Describe': '一台330屏的连接信息', 'broker_address': 'test.hzjishiyu.com', 'broker_port': 1883, 'client_id': 'DID330&300133121210002', 'username': 'DID330&300133121210002', 'password': 'DID330&300133121210002&3c9951a811d745fbbda6f2a0843ccf19'}], 'topic': {'get_property': {'sub': '/device/DID340/300134121210008/thing/service/property/get_reply/1001002', 'pub': '/server/DID340/300134121210008/thing/service/property/get/1001002'}}} 
[2023-08-07 19:06:31,975]  [readYaml.py : 16] [INFO] - 读到数据 ==>>  {'DID330': [{'Describe': '一台330屏的连接信息', 'broker_address': 'test.hzjishiyu.com', 'broker_port': 1883, 'client_id': 'DID330&300133121210002', 'username': 'DID330&300133121210002', 'password': 'DID330&300133121210002&3c9951a811d745fbbda6f2a0843ccf19'}], 'topic': {'get_property': {'sub': '/device/DID340/300134121210008/thing/service/property/get_reply/1001002', 'pub': '/server/DID340/300134121210008/thing/service/property/get/1001002'}}} 
[2023-08-07 19:06:55,503]  [readYaml.py : 16] [INFO] - 读到数据 ==>>  {'DID330': [{'Describe': '一台330屏的连接信息', 'broker_address': 'test.hzjishiyu.com', 'broker_port': 1883, 'client_id': 'DID330&300133121210002', 'username': 'DID330&300133121210002', 'password': 'DID330&300133121210002&3c9951a811d745fbbda6f2a0843ccf19'}], 'topic': {'get_property': {'sub': '/device/DID340/300134121210008/thing/service/property/get_reply/1001002', 'pub': '/server/DID340/300134121210008/thing/service/property/get/1001002'}}} 
[2023-08-07 19:08:03,674]  [readYaml.py : 16] [INFO] - 读到数据 ==>>  {'DID330': [{'Describe': '一台330屏的连接信息', 'broker_address': 'test.hzjishiyu.com', 'broker_port': 1883, 'client_id': 'DID330&300133121210002', 'username': 'DID330&300133121210002', 'password': 'DID330&300133121210002&3c9951a811d745fbbda6f2a0843ccf19'}], 'topic': {'get_property': {'sub': '/device/DID340/300134121210008/thing/service/property/get_reply/1001002', 'pub': '/server/DID340/300134121210008/thing/service/property/get/1001002'}}} 
[2023-08-07 19:24:19,990]  [readYaml.py : 16] [INFO] - 读到数据 ==>>  {'DID330': [{'Describe': '一台330屏的连接信息', 'broker_address': 'test.hzjishiyu.com', 'broker_port': 1883, 'client_id': 'DID330&300133121210002', 'username': 'DID330&300133121210002', 'password': 'DID330&300133121210002&3c9951a811d745fbbda6f2a0843ccf19'}], 'topic': {'get_property': {'sub': '/device/DID340/300134121210008/thing/service/property/get_reply/1001002', 'pub': '/server/DID340/300134121210008/thing/service/property/get/1001002'}}} 
[2023-08-07 19:28:54,319]  [readYaml.py : 16] [INFO] - 读到数据 ==>>  {'DID330': [{'Describe': '一台330屏的连接信息', 'broker_address': 'test.hzjishiyu.com', 'broker_port': 1883, 'client_id': 'DID330&300133121210002', 'username': 'DID330&300133121210002', 'password': 'DID330&300133121210002&3c9951a811d745fbbda6f2a0843ccf19'}], 'topic': {'get_property': {'sub': '/device/DID340/300134121210008/thing/service/property/get_reply/1001002', 'pub': '/server/DID340/300134121210008/thing/service/property/get/1001002'}}} 
[2023-08-07 19:31:59,115]  [utils.py : 50] [DEBUG] - Directory already exists：D:\work\jishiyu\Interface_jsy/log
[2023-08-07 19:31:59,115]  [readYaml.py : 16] [INFO] - 读到数据 ==>>  {'DID330': [{'Describe': '一台330屏的连接信息', 'broker_address': 'test.hzjishiyu.com', 'broker_port': 1883, 'client_id': 'DID330&300133121210002', 'username': 'DID330&300133121210002', 'password': 'DID330&300133121210002&3c9951a811d745fbbda6f2a0843ccf19'}], 'topic': {'get_property': {'sub': '/device/DID340/300134121210008/thing/service/property/get_reply/1001002', 'pub': '/server/DID340/300134121210008/thing/service/property/get/1001002'}}} 
[2023-08-07 19:31:59,562]  [execute.py : 52] [INFO] - 连接成功
[2023-08-07 19:42:43,651]  [utils.py : 50] [DEBUG] - Directory already exists：D:\work\jishiyu\Interface_jsy/log
[2023-08-07 19:42:43,654]  [readYaml.py : 16] [INFO] - 读到数据 ==>>  {'DID330': [{'Describe': '一台330屏的连接信息', 'broker_address': 'test.hzjishiyu.com', 'broker_port': 1883, 'client_id': 'DID330&300133121210002', 'username': 'DID330&300133121210002', 'password': 'DID330&300133121210002&3c9951a811d745fbbda6f2a0843ccf19'}], 'topic': {'get_property': {'sub': '/device/DID340/300134121210008/thing/service/property/get_reply/1001002', 'pub': '/server/DID340/300134121210008/thing/service/property/get/1001002'}}} 
[2023-08-07 19:42:43,884]  [execute.py : 63] [INFO] - 连接信息-broker:broker.emqx.io
[2023-08-07 19:42:43,884]  [execute.py : 64] [INFO] - 连接信息-port:1883
[2023-08-07 19:42:43,884]  [execute.py : 65] [INFO] - 连接信息-keepalive:60
[2023-08-07 19:42:43,884]  [execute.py : 66] [INFO] - 连接信息-client_id:111
[2023-08-07 19:42:44,098]  [execute.py : 52] [INFO] - 连接成功
[2023-08-07 19:42:47,886]  [execute.py : 80] [INFO] - 发布成功，发布的主题:python/mqtt,发布的消息:{"Version": "1.0", "Params": {"PropNames": "ServerConfig"}}
[2023-08-07 19:42:51,889]  [execute.py : 80] [INFO] - 发布成功，发布的主题:python/mqtt,发布的消息:{"Version": "1.0", "Params": {"PropNames": "ServerConfig"}}
[2023-08-07 19:42:55,898]  [execute.py : 80] [INFO] - 发布成功，发布的主题:python/mqtt,发布的消息:{"Version": "1.0", "Params": {"PropNames": "ServerConfig"}}
[2023-08-07 19:42:59,913]  [execute.py : 80] [INFO] - 发布成功，发布的主题:python/mqtt,发布的消息:{"Version": "1.0", "Params": {"PropNames": "ServerConfig"}}
[2023-08-07 19:43:03,914]  [execute.py : 80] [INFO] - 发布成功，发布的主题:python/mqtt,发布的消息:{"Version": "1.0", "Params": {"PropNames": "ServerConfig"}}
[2023-08-07 19:45:43,805]  [utils.py : 50] [DEBUG] - Directory already exists：D:\work\jishiyu\Interface_jsy/log
[2023-08-07 19:45:43,808]  [readYaml.py : 16] [INFO] - 读到数据 ==>>  {'DID330': [{'Describe': '一台330屏的连接信息', 'broker_address': 'test.hzjishiyu.com', 'broker_port': 1883, 'client_id': 'DID330&300133121210002', 'username': 'DID330&300133121210002', 'password': 'DID330&300133121210002&3c9951a811d745fbbda6f2a0843ccf19'}], 'topic': {'get_property': {'sub': '/device/DID340/300134121210008/thing/service/property/get_reply/1001002', 'pub': '/server/DID340/300134121210008/thing/service/property/get/1001002'}}} 
[2023-08-07 19:45:44,032]  [execute.py : 63] [INFO] - 连接信息-broker:broker.emqx.io
[2023-08-07 19:45:44,032]  [execute.py : 64] [INFO] - 连接信息-port:1883
[2023-08-07 19:45:44,032]  [execute.py : 65] [INFO] - 连接信息-keepalive:60
[2023-08-07 19:45:44,032]  [execute.py : 66] [INFO] - 连接信息-client_id:111
[2023-08-07 19:45:44,245]  [execute.py : 52] [INFO] - 连接成功
[2023-08-07 19:45:48,047]  [execute.py : 79] [INFO] - 发布成功，发布的主题:python/mqtt,发布的消息:{"Version": "1.0", "Params": {"PropNames": "ServerConfig"}}
[2023-08-07 19:45:48,258]  [execute.py : 91] [INFO] - 订阅的主题:python/mqtt,订阅的消息返回:{"Version": "1.0", "Params": {"PropNames": "ServerConfig"}}
[2023-08-07 19:45:52,053]  [execute.py : 79] [INFO] - 发布成功，发布的主题:python/mqtt,发布的消息:{"Version": "1.0", "Params": {"PropNames": "ServerConfig"}}
[2023-08-07 19:45:52,262]  [execute.py : 91] [INFO] - 订阅的主题:python/mqtt,订阅的消息返回:{"Version": "1.0", "Params": {"PropNames": "ServerConfig"}}
[2023-08-07 19:45:56,054]  [execute.py : 79] [INFO] - 发布成功，发布的主题:python/mqtt,发布的消息:{"Version": "1.0", "Params": {"PropNames": "ServerConfig"}}
[2023-08-07 19:45:56,266]  [execute.py : 91] [INFO] - 订阅的主题:python/mqtt,订阅的消息返回:{"Version": "1.0", "Params": {"PropNames": "ServerConfig"}}
[2023-08-07 19:46:00,066]  [execute.py : 79] [INFO] - 发布成功，发布的主题:python/mqtt,发布的消息:{"Version": "1.0", "Params": {"PropNames": "ServerConfig"}}
[2023-08-07 19:46:00,278]  [execute.py : 91] [INFO] - 订阅的主题:python/mqtt,订阅的消息返回:{"Version": "1.0", "Params": {"PropNames": "ServerConfig"}}
[2023-08-07 19:46:04,067]  [execute.py : 79] [INFO] - 发布成功，发布的主题:python/mqtt,发布的消息:{"Version": "1.0", "Params": {"PropNames": "ServerConfig"}}
[2023-08-07 19:46:45,754]  [utils.py : 50] [DEBUG] - Directory already exists：D:\work\jishiyu\Interface_jsy/log
[2023-08-07 19:46:45,757]  [readYaml.py : 16] [INFO] - 读到数据 ==>>  {'DID330': [{'Describe': '一台330屏的连接信息', 'broker_address': 'test.hzjishiyu.com', 'broker_port': 1883, 'client_id': 'DID330&300133121210002', 'username': 'DID330&300133121210002', 'password': 'DID330&300133121210002&3c9951a811d745fbbda6f2a0843ccf19'}], 'topic': {'get_property': {'sub': '/device/DID340/300134121210008/thing/service/property/get_reply/1001002', 'pub': '/server/DID340/300134121210008/thing/service/property/get/1001002'}}} 
[2023-08-07 19:46:45,987]  [execute.py : 63] [INFO] - 连接信息-broker:broker.emqx.io
[2023-08-07 19:46:45,987]  [execute.py : 64] [INFO] - 连接信息-port:1883
[2023-08-07 19:46:45,987]  [execute.py : 65] [INFO] - 连接信息-keepalive:60
[2023-08-07 19:46:45,987]  [execute.py : 66] [INFO] - 连接信息-client_id:111
[2023-08-07 19:46:46,207]  [execute.py : 52] [INFO] - 连接成功
[2023-08-07 19:46:50,006]  [execute.py : 79] [INFO] - 发布成功，发布的主题:python/mqtt,发布的消息:{"Version": "1.0", "Params": {"PropNames": "ServerConfig"}}
[2023-08-07 19:46:50,223]  [execute.py : 89] [INFO] - 订阅的主题:python/mqtt,订阅的消息返回:{"Version": "1.0", "Params": {"PropNames": "ServerConfig"}}
[2023-08-07 19:46:54,016]  [execute.py : 79] [INFO] - 发布成功，发布的主题:python/mqtt,发布的消息:{"Version": "1.0", "Params": {"PropNames": "ServerConfig"}}
[2023-08-07 19:46:54,232]  [execute.py : 89] [INFO] - 订阅的主题:python/mqtt,订阅的消息返回:{"Version": "1.0", "Params": {"PropNames": "ServerConfig"}}
[2023-08-07 19:46:58,024]  [execute.py : 79] [INFO] - 发布成功，发布的主题:python/mqtt,发布的消息:{"Version": "1.0", "Params": {"PropNames": "ServerConfig"}}
[2023-08-07 19:46:58,242]  [execute.py : 89] [INFO] - 订阅的主题:python/mqtt,订阅的消息返回:{"Version": "1.0", "Params": {"PropNames": "ServerConfig"}}
[2023-08-07 19:47:02,035]  [execute.py : 79] [INFO] - 发布成功，发布的主题:python/mqtt,发布的消息:{"Version": "1.0", "Params": {"PropNames": "ServerConfig"}}
[2023-08-07 19:47:02,256]  [execute.py : 89] [INFO] - 订阅的主题:python/mqtt,订阅的消息返回:{"Version": "1.0", "Params": {"PropNames": "ServerConfig"}}
[2023-08-07 19:47:06,041]  [execute.py : 79] [INFO] - 发布成功，发布的主题:python/mqtt,发布的消息:{"Version": "1.0", "Params": {"PropNames": "ServerConfig"}}
[2023-08-07 19:47:43,795]  [utils.py : 50] [DEBUG] - Directory already exists：D:\work\jishiyu\Interface_jsy/log
[2023-08-07 19:47:43,797]  [readYaml.py : 16] [INFO] - 读到数据 ==>>  {'DID330': [{'Describe': '一台330屏的连接信息', 'broker_address': 'test.hzjishiyu.com', 'broker_port': 1883, 'client_id': 'DID330&300133121210002', 'username': 'DID330&300133121210002', 'password': 'DID330&300133121210002&3c9951a811d745fbbda6f2a0843ccf19'}], 'topic': {'get_property': {'sub': '/device/DID340/300134121210008/thing/service/property/get_reply/1001002', 'pub': '/server/DID340/300134121210008/thing/service/property/get/1001002'}}} 
[2023-08-07 19:47:44,014]  [execute.py : 63] [INFO] - 连接信息-broker:broker.emqx.io
[2023-08-07 19:47:44,014]  [execute.py : 64] [INFO] - 连接信息-port:1883
[2023-08-07 19:47:44,014]  [execute.py : 65] [INFO] - 连接信息-keepalive:60
[2023-08-07 19:47:44,014]  [execute.py : 66] [INFO] - 连接信息-client_id:111
[2023-08-07 19:47:44,216]  [execute.py : 52] [INFO] - 连接成功
[2023-08-07 19:47:48,024]  [execute.py : 79] [INFO] - 发布成功，发布的主题:python/mqtt,发布的消息:{"Version": "1.0", "Params": {"PropNames": "ServerConfig"}}
[2023-08-07 19:48:17,114]  [utils.py : 50] [DEBUG] - Directory already exists：D:\work\jishiyu\Interface_jsy/log
[2023-08-07 19:48:17,118]  [readYaml.py : 16] [INFO] - 读到数据 ==>>  {'DID330': [{'Describe': '一台330屏的连接信息', 'broker_address': 'test.hzjishiyu.com', 'broker_port': 1883, 'client_id': 'DID330&300133121210002', 'username': 'DID330&300133121210002', 'password': 'DID330&300133121210002&3c9951a811d745fbbda6f2a0843ccf19'}], 'topic': {'get_property': {'sub': '/device/DID340/300134121210008/thing/service/property/get_reply/1001002', 'pub': '/server/DID340/300134121210008/thing/service/property/get/1001002'}}} 
[2023-08-07 19:48:17,344]  [execute.py : 63] [INFO] - 连接信息-broker:broker.emqx.io
[2023-08-07 19:48:17,344]  [execute.py : 64] [INFO] - 连接信息-port:1883
[2023-08-07 19:48:17,344]  [execute.py : 65] [INFO] - 连接信息-keepalive:60
[2023-08-07 19:48:17,344]  [execute.py : 66] [INFO] - 连接信息-client_id:111
[2023-08-07 19:48:17,344]  [execute.py : 79] [INFO] - 发布成功，发布的主题:python/mqtt,发布的消息:{"Version": "1.0", "Params": {"PropNames": "ServerConfig"}}
[2023-08-07 19:48:34,131]  [utils.py : 50] [DEBUG] - Directory already exists：D:\work\jishiyu\Interface_jsy/log
[2023-08-07 19:48:34,132]  [readYaml.py : 16] [INFO] - 读到数据 ==>>  {'DID330': [{'Describe': '一台330屏的连接信息', 'broker_address': 'test.hzjishiyu.com', 'broker_port': 1883, 'client_id': 'DID330&300133121210002', 'username': 'DID330&300133121210002', 'password': 'DID330&300133121210002&3c9951a811d745fbbda6f2a0843ccf19'}], 'topic': {'get_property': {'sub': '/device/DID340/300134121210008/thing/service/property/get_reply/1001002', 'pub': '/server/DID340/300134121210008/thing/service/property/get/1001002'}}} 
[2023-08-07 19:48:34,372]  [execute.py : 63] [INFO] - 连接信息-broker:broker.emqx.io
[2023-08-07 19:48:34,372]  [execute.py : 64] [INFO] - 连接信息-port:1883
[2023-08-07 19:48:34,372]  [execute.py : 65] [INFO] - 连接信息-keepalive:60
[2023-08-07 19:48:34,372]  [execute.py : 66] [INFO] - 连接信息-client_id:111
[2023-08-07 19:48:34,373]  [execute.py : 79] [INFO] - 发布成功，发布的主题:python/mqtt,发布的消息:{"Version": "1.0", "Params": {"PropNames": "ServerConfig"}}
[2023-08-07 19:48:34,373]  [execute.py : 79] [INFO] - 发布成功，发布的主题:python/mqtt,发布的消息:{"Version": "1.0", "Params": {"PropNames": "ServerConfig"}}
[2023-08-07 19:48:48,855]  [utils.py : 50] [DEBUG] - Directory already exists：D:\work\jishiyu\Interface_jsy/log
[2023-08-07 19:48:48,858]  [readYaml.py : 16] [INFO] - 读到数据 ==>>  {'DID330': [{'Describe': '一台330屏的连接信息', 'broker_address': 'test.hzjishiyu.com', 'broker_port': 1883, 'client_id': 'DID330&300133121210002', 'username': 'DID330&300133121210002', 'password': 'DID330&300133121210002&3c9951a811d745fbbda6f2a0843ccf19'}], 'topic': {'get_property': {'sub': '/device/DID340/300134121210008/thing/service/property/get_reply/1001002', 'pub': '/server/DID340/300134121210008/thing/service/property/get/1001002'}}} 
[2023-08-07 19:48:49,084]  [execute.py : 63] [INFO] - 连接信息-broker:broker.emqx.io
[2023-08-07 19:48:49,084]  [execute.py : 64] [INFO] - 连接信息-port:1883
[2023-08-07 19:48:49,084]  [execute.py : 65] [INFO] - 连接信息-keepalive:60
[2023-08-07 19:48:49,084]  [execute.py : 66] [INFO] - 连接信息-client_id:111
[2023-08-07 19:48:49,295]  [execute.py : 52] [INFO] - 连接成功
[2023-08-07 19:48:53,087]  [execute.py : 79] [INFO] - 发布成功，发布的主题:python/mqtt,发布的消息:{"Version": "1.0", "Params": {"PropNames": "ServerConfig"}}
[2023-08-07 19:48:53,299]  [execute.py : 89] [INFO] - 订阅的主题:python/mqtt,订阅的消息返回:{"Version": "1.0", "Params": {"PropNames": "ServerConfig"}}
[2023-08-07 19:48:57,091]  [execute.py : 79] [INFO] - 发布成功，发布的主题:python/mqtt,发布的消息:{"Version": "1.0", "Params": {"PropNames": "ServerConfig"}}
[2023-08-07 19:56:02,428]  [utils.py : 50] [DEBUG] - Directory already exists：D:\work\jishiyu\Interface_jsy/log
[2023-08-07 19:56:02,431]  [readYaml.py : 16] [INFO] - 读到数据 ==>>  {'DID330': [{'Describe': '一台330屏的连接信息', 'broker_address': 'test.hzjishiyu.com', 'broker_port': 1883, 'client_id': 'DID330&300133121210002', 'username': 'DID330&300133121210002', 'password': 'DID330&300133121210002&3c9951a811d745fbbda6f2a0843ccf19'}], 'topic': {'get_property': {'sub': '/device/DID340/300134121210008/thing/service/property/get_reply/1001002', 'pub': '/server/DID340/300134121210008/thing/service/property/get/1001002'}}} 
[2023-08-07 19:56:02,710]  [execute.py : 63] [INFO] - 连接信息-broker:broker.emqx.io
[2023-08-07 19:56:02,712]  [execute.py : 64] [INFO] - 连接信息-port:1883
[2023-08-07 19:56:02,712]  [execute.py : 65] [INFO] - 连接信息-keepalive:60
[2023-08-07 19:56:02,712]  [execute.py : 66] [INFO] - 连接信息-client_id:111
[2023-08-07 19:56:03,018]  [execute.py : 52] [INFO] - 连接成功
[2023-08-07 19:56:06,720]  [execute.py : 79] [INFO] - 发布成功，发布的主题:python/mqtt,发布的消息:{"Version": "1.0", "Params": {"PropNames": "ServerConfig"}}
[2023-08-07 19:56:07,011]  [execute.py : 89] [INFO] - 订阅的主题:python/mqtt,订阅的消息返回:{"Version": "1.0", "Params": {"PropNames": "ServerConfig"}}
[2023-08-07 19:56:10,733]  [execute.py : 79] [INFO] - 发布成功，发布的主题:python/mqtt,发布的消息:{"Version": "1.0", "Params": {"PropNames": "ServerConfig"}}
